<?xml version="1.0" encoding="UTF-8"?>
<testsuite xmlns:xsi="http://www.w3.org/2001/XMLSchema-instance" xsi:noNamespaceSchemaLocation="https://maven.apache.org/surefire/maven-surefire-plugin/xsd/surefire-test-report.xsd" name="br.ufscar.dc.compiladores.la.AppTest" time="0.054" tests="1" errors="0" skipped="0" failures="0">
  <properties>
    <property name="sun.desktop" value="gnome"/>
    <property name="awt.toolkit" value="sun.awt.X11.XToolkit"/>
    <property name="java.specification.version" value="11"/>
    <property name="sun.cpu.isalist" value=""/>
    <property name="sun.jnu.encoding" value="UTF-8"/>
    <property name="java.class.path" value="/home/ruan/Documents/Compiladores-UFSCar/la/target/test-classes:/home/ruan/Documents/Compiladores-UFSCar/la/target/classes:/home/ruan/.m2/repository/junit/junit/4.11/junit-4.11.jar:/home/ruan/.m2/repository/org/hamcrest/hamcrest-core/1.3/hamcrest-core-1.3.jar:/home/ruan/.m2/repository/org/antlr/antlr4/4.12.0/antlr4-4.12.0-complete.jar:/home/ruan/.m2/repository/org/antlr/antlr4-runtime/4.12.0/antlr4-runtime-4.12.0.jar:/home/ruan/.m2/repository/org/antlr/antlr-runtime/3.5.3/antlr-runtime-3.5.3.jar:/home/ruan/.m2/repository/org/antlr/ST4/4.3.4/ST4-4.3.4.jar:/home/ruan/.m2/repository/org/abego/treelayout/org.abego.treelayout.core/1.0.3/org.abego.treelayout.core-1.0.3.jar:/home/ruan/.m2/repository/com/ibm/icu/icu4j/71.1/icu4j-71.1.jar:"/>
    <property name="java.vm.vendor" value="Oracle Corporation"/>
    <property name="sun.arch.data.model" value="64"/>
    <property name="java.vendor.url" value="https://openjdk.java.net/"/>
    <property name="user.timezone" value=""/>
    <property name="user.country.format" value="BR"/>
    <property name="java.vm.specification.version" value="11"/>
    <property name="os.name" value="Linux"/>
    <property name="sun.java.launcher" value="SUN_STANDARD"/>
    <property name="user.country" value="US"/>
    <property name="sun.boot.library.path" value="/home/ruan/apps/jdk11/lib"/>
    <property name="sun.java.command" value="/home/ruan/Documents/Compiladores-UFSCar/la/target/surefire/surefirebooter15150810789131201871.jar /home/ruan/Documents/Compiladores-UFSCar/la/target/surefire 2023-05-29T11-18-12_499-jvmRun1 surefire12998137022195117053tmp surefire_06241705313126734500tmp"/>
    <property name="jdk.debug" value="release"/>
    <property name="surefire.test.class.path" value="/home/ruan/Documents/Compiladores-UFSCar/la/target/test-classes:/home/ruan/Documents/Compiladores-UFSCar/la/target/classes:/home/ruan/.m2/repository/junit/junit/4.11/junit-4.11.jar:/home/ruan/.m2/repository/org/hamcrest/hamcrest-core/1.3/hamcrest-core-1.3.jar:/home/ruan/.m2/repository/org/antlr/antlr4/4.12.0/antlr4-4.12.0-complete.jar:/home/ruan/.m2/repository/org/antlr/antlr4-runtime/4.12.0/antlr4-runtime-4.12.0.jar:/home/ruan/.m2/repository/org/antlr/antlr-runtime/3.5.3/antlr-runtime-3.5.3.jar:/home/ruan/.m2/repository/org/antlr/ST4/4.3.4/ST4-4.3.4.jar:/home/ruan/.m2/repository/org/abego/treelayout/org.abego.treelayout.core/1.0.3/org.abego.treelayout.core-1.0.3.jar:/home/ruan/.m2/repository/com/ibm/icu/icu4j/71.1/icu4j-71.1.jar:"/>
    <property name="sun.cpu.endian" value="little"/>
    <property name="user.home" value="/home/ruan"/>
    <property name="user.language" value="en"/>
    <property name="java.specification.vendor" value="Oracle Corporation"/>
    <property name="java.version.date" value="2020-04-14"/>
    <property name="java.home" value="/home/ruan/apps/jdk11"/>
    <property name="file.separator" value="/"/>
    <property name="basedir" value="/home/ruan/Documents/Compiladores-UFSCar/la"/>
    <property name="java.vm.compressedOopsMode" value="32-bit"/>
    <property name="line.separator" value="&#10;"/>
    <property name="java.specification.name" value="Java Platform API Specification"/>
    <property name="java.vm.specification.vendor" value="Oracle Corporation"/>
    <property name="java.awt.graphicsenv" value="sun.awt.X11GraphicsEnvironment"/>
    <property name="surefire.real.class.path" value="/home/ruan/Documents/Compiladores-UFSCar/la/target/surefire/surefirebooter15150810789131201871.jar"/>
    <property name="sun.management.compiler" value="HotSpot 64-Bit Tiered Compilers"/>
    <property name="java.runtime.version" value="11.0.7+8-LTS"/>
    <property name="user.name" value="ruan"/>
    <property name="path.separator" value=":"/>
    <property name="os.version" value="5.19.0-38-generic"/>
    <property name="java.runtime.name" value="Java(TM) SE Runtime Environment"/>
    <property name="file.encoding" value="UTF-8"/>
    <property name="java.vm.name" value="Java HotSpot(TM) 64-Bit Server VM"/>
    <property name="java.vendor.version" value="18.9"/>
    <property name="localRepository" value="/home/ruan/.m2/repository"/>
    <property name="java.vendor.url.bug" value="https://bugreport.java.com/bugreport/"/>
    <property name="java.io.tmpdir" value="/tmp"/>
    <property name="java.version" value="11.0.7"/>
    <property name="user.dir" value="/home/ruan/Documents/Compiladores-UFSCar/la"/>
    <property name="os.arch" value="amd64"/>
    <property name="java.vm.specification.name" value="Java Virtual Machine Specification"/>
    <property name="java.awt.printerjob" value="sun.print.PSPrinterJob"/>
    <property name="user.language.format" value="pt"/>
    <property name="sun.os.patch.level" value="unknown"/>
    <property name="java.library.path" value="/usr/java/packages/lib:/usr/lib64:/lib64:/lib:/usr/lib"/>
    <property name="java.vendor" value="Oracle Corporation"/>
    <property name="java.vm.info" value="mixed mode"/>
    <property name="java.vm.version" value="11.0.7+8-LTS"/>
    <property name="sun.io.unicode.encoding" value="UnicodeLittle"/>
    <property name="java.class.version" value="55.0"/>
  </properties>
  <testcase name="shouldAnswerWithTrue" classname="br.ufscar.dc.compiladores.la.AppTest" time="0.002"/>
</testsuite>